<?xml version="1.0" encoding="UTF-8" ?>
<testsuite tests="8" failures="0" name="nss.buggyproject.TestDummy" time="0.027" errors="0" skipped="3">
  <properties>
[...]
</properties>
  <testcase classname="TestDummy" name="First Test" time="0.011"/>
  <testcase classname="TestDummy" name="testCheck()" time="0.001"/>
  <testcase classname="TestDummy" name="testEmptyString()" time="0.002"/>
  <testcase classname="TestDummy" name="testWillBeSkipped()" time="0.004">
    <skipped/>
  </testcase>
  <testcase classname="TestDummy" name="testInAllEnvironments()" time="0.001"/>
  <testcase classname="TestDummy" name="testOnlyOnDeveloperWorkstation()" time="0.003">
    <skipped/>
  </testcase>
  <testcase classname="TestDummy" name="testGetStringLengthSimpleTest()" time="0.003">
    <skipped/>
  </testcase>
  <testcase classname="JUnit Vintage" name="JUnit Vintage" time="0.002"/>
</testsuite>